Connecting to database specified by database.yml
  [1m[36m (0.2ms)[0m  [1mselect sqlite_version(*)[0m
  [1m[35m (73.1ms)[0m  CREATE TABLE "schema_migrations" ("version" varchar(255) NOT NULL) 
  [1m[36m (25.1ms)[0m  [1mCREATE UNIQUE INDEX "unique_schema_migrations" ON "schema_migrations" ("version")[0m
  [1m[35m (21.8ms)[0m  SELECT "schema_migrations"."version" FROM "schema_migrations" 
Migrating to CreateMovies (20111119180638)
  [1m[36m (0.1ms)[0m  [1mbegin transaction[0m
  [1m[35m (1.9ms)[0m  CREATE TABLE "movies" ("id" INTEGER PRIMARY KEY AUTOINCREMENT NOT NULL, "title" varchar(255), "rating" varchar(255), "description" text, "release_date" datetime, "created_at" datetime NOT NULL, "updated_at" datetime NOT NULL) 
  [1m[36m (0.5ms)[0m  [1mINSERT INTO "schema_migrations" ("version") VALUES ('20111119180638')[0m
  [1m[35m (35.8ms)[0m  commit transaction
  [1m[36m (0.4ms)[0m  [1mSELECT "schema_migrations"."version" FROM "schema_migrations" [0m
Connecting to database specified by database.yml
  [1m[36m (17.0ms)[0m  [1mSELECT "schema_migrations"."version" FROM "schema_migrations" [0m
  [1m[35m (0.1ms)[0m  begin transaction
  [1m[36mSQL (35.2ms)[0m  [1mINSERT INTO "movies" ("created_at", "description", "rating", "release_date", "title", "updated_at") VALUES (?, ?, ?, ?, ?, ?)[0m  [["created_at", Sun, 19 Oct 2014 21:17:27 UTC +00:00], ["description", nil], ["rating", "G"], ["release_date", Wed, 25 Nov 1992 00:00:00 UTC +00:00], ["title", "Aladdin"], ["updated_at", Sun, 19 Oct 2014 21:17:27 UTC +00:00]]
  [1m[35m (38.5ms)[0m  commit transaction
  [1m[36m (0.1ms)[0m  [1mbegin transaction[0m
  [1m[35mSQL (1.5ms)[0m  INSERT INTO "movies" ("created_at", "description", "rating", "release_date", "title", "updated_at") VALUES (?, ?, ?, ?, ?, ?)  [["created_at", Sun, 19 Oct 2014 21:17:28 UTC +00:00], ["description", nil], ["rating", "R"], ["release_date", Fri, 26 Oct 1984 00:00:00 UTC +00:00], ["title", "The Terminator"], ["updated_at", Sun, 19 Oct 2014 21:17:28 UTC +00:00]]
  [1m[36m (21.8ms)[0m  [1mcommit transaction[0m
  [1m[35m (0.1ms)[0m  begin transaction
  [1m[36mSQL (4.0ms)[0m  [1mINSERT INTO "movies" ("created_at", "description", "rating", "release_date", "title", "updated_at") VALUES (?, ?, ?, ?, ?, ?)[0m  [["created_at", Sun, 19 Oct 2014 21:17:28 UTC +00:00], ["description", nil], ["rating", "R"], ["release_date", Fri, 21 Jul 1989 00:00:00 UTC +00:00], ["title", "When Harry Met Sally"], ["updated_at", Sun, 19 Oct 2014 21:17:28 UTC +00:00]]
  [1m[35m (26.3ms)[0m  commit transaction
  [1m[36m (0.1ms)[0m  [1mbegin transaction[0m
  [1m[35mSQL (5.5ms)[0m  INSERT INTO "movies" ("created_at", "description", "rating", "release_date", "title", "updated_at") VALUES (?, ?, ?, ?, ?, ?)  [["created_at", Sun, 19 Oct 2014 21:17:28 UTC +00:00], ["description", nil], ["rating", "PG-13"], ["release_date", Wed, 10 Aug 2011 00:00:00 UTC +00:00], ["title", "The Help"], ["updated_at", Sun, 19 Oct 2014 21:17:28 UTC +00:00]]
  [1m[36m (19.2ms)[0m  [1mcommit transaction[0m
  [1m[35m (0.1ms)[0m  begin transaction
  [1m[36mSQL (1.2ms)[0m  [1mINSERT INTO "movies" ("created_at", "description", "rating", "release_date", "title", "updated_at") VALUES (?, ?, ?, ?, ?, ?)[0m  [["created_at", Sun, 19 Oct 2014 21:17:28 UTC +00:00], ["description", nil], ["rating", "PG-13"], ["release_date", Fri, 05 Jan 2001 00:00:00 UTC +00:00], ["title", "Chocolat"], ["updated_at", Sun, 19 Oct 2014 21:17:28 UTC +00:00]]
  [1m[35m (27.9ms)[0m  commit transaction
  [1m[36m (0.1ms)[0m  [1mbegin transaction[0m
  [1m[35mSQL (3.4ms)[0m  INSERT INTO "movies" ("created_at", "description", "rating", "release_date", "title", "updated_at") VALUES (?, ?, ?, ?, ?, ?)  [["created_at", Sun, 19 Oct 2014 21:17:28 UTC +00:00], ["description", nil], ["rating", "R"], ["release_date", Wed, 25 Apr 2001 00:00:00 UTC +00:00], ["title", "Amelie"], ["updated_at", Sun, 19 Oct 2014 21:17:28 UTC +00:00]]
  [1m[36m (20.3ms)[0m  [1mcommit transaction[0m
  [1m[35m (0.1ms)[0m  begin transaction
  [1m[36mSQL (0.9ms)[0m  [1mINSERT INTO "movies" ("created_at", "description", "rating", "release_date", "title", "updated_at") VALUES (?, ?, ?, ?, ?, ?)[0m  [["created_at", Sun, 19 Oct 2014 21:17:28 UTC +00:00], ["description", nil], ["rating", "G"], ["release_date", Sat, 06 Apr 1968 00:00:00 UTC +00:00], ["title", "2001: A Space Odyssey"], ["updated_at", Sun, 19 Oct 2014 21:17:28 UTC +00:00]]
  [1m[35m (21.0ms)[0m  commit transaction
  [1m[36m (0.1ms)[0m  [1mbegin transaction[0m
  [1m[35mSQL (1.1ms)[0m  INSERT INTO "movies" ("created_at", "description", "rating", "release_date", "title", "updated_at") VALUES (?, ?, ?, ?, ?, ?)  [["created_at", Sun, 19 Oct 2014 21:17:28 UTC +00:00], ["description", nil], ["rating", "PG"], ["release_date", Fri, 05 Nov 2004 00:00:00 UTC +00:00], ["title", "The Incredibles"], ["updated_at", Sun, 19 Oct 2014 21:17:28 UTC +00:00]]
  [1m[36m (22.8ms)[0m  [1mcommit transaction[0m
  [1m[35m (0.1ms)[0m  begin transaction
  [1m[36mSQL (1.7ms)[0m  [1mINSERT INTO "movies" ("created_at", "description", "rating", "release_date", "title", "updated_at") VALUES (?, ?, ?, ?, ?, ?)[0m  [["created_at", Sun, 19 Oct 2014 21:17:28 UTC +00:00], ["description", nil], ["rating", "PG"], ["release_date", Fri, 12 Jun 1981 00:00:00 UTC +00:00], ["title", "Raiders of the Lost Ark"], ["updated_at", Sun, 19 Oct 2014 21:17:28 UTC +00:00]]
  [1m[35m (19.6ms)[0m  commit transaction
  [1m[36m (0.1ms)[0m  [1mbegin transaction[0m
  [1m[35mSQL (6.2ms)[0m  INSERT INTO "movies" ("created_at", "description", "rating", "release_date", "title", "updated_at") VALUES (?, ?, ?, ?, ?, ?)  [["created_at", Sun, 19 Oct 2014 21:17:28 UTC +00:00], ["description", nil], ["rating", "G"], ["release_date", Wed, 21 Jun 2000 00:00:00 UTC +00:00], ["title", "Chicken Run"], ["updated_at", Sun, 19 Oct 2014 21:17:28 UTC +00:00]]
  [1m[36m (48.6ms)[0m  [1mcommit transaction[0m


Started GET "/movies" for 127.0.0.1 at 2014-10-19 18:18:52 -0300
Connecting to database specified by database.yml
Processing by MoviesController#index as HTML
  [1m[36mMovie Load (0.7ms)[0m  [1mSELECT "movies".* FROM "movies" [0m
  Rendered movies/index.html.haml within layouts/application (75.0ms)
Compiled application.css  (0ms)  (pid 14165)
Compiled jquery.js  (41ms)  (pid 14165)
Compiled jquery_ujs.js  (4ms)  (pid 14165)
Compiled application.js  (430ms)  (pid 14165)
Completed 200 OK in 1742.3ms (Views: 1241.5ms | ActiveRecord: 47.7ms)


Started GET "/assets/application.css?body=1" for 127.0.0.1 at 2014-10-19 18:18:57 -0300
Served asset /application.css - 304 Not Modified (32ms)


Started GET "/assets/jquery.js?body=1" for 127.0.0.1 at 2014-10-19 18:18:58 -0300
Served asset /jquery.js - 304 Not Modified (71ms)


Started GET "/assets/application.js?body=1" for 127.0.0.1 at 2014-10-19 18:18:58 -0300
Served asset /application.js - 304 Not Modified (106ms)


Started GET "/assets/jquery_ujs.js?body=1" for 127.0.0.1 at 2014-10-19 18:18:58 -0300
Served asset /jquery_ujs.js - 304 Not Modified (25ms)


Started GET "/movies" for 127.0.0.1 at 2014-10-19 18:31:14 -0300
Connecting to database specified by database.yml
Processing by MoviesController#index as HTML
  [1m[36mMovie Load (1.0ms)[0m  [1mSELECT "movies".* FROM "movies" [0m
  Rendered movies/index.html.haml within layouts/application (72.6ms)
Completed 200 OK in 958.2ms (Views: 479.2ms | ActiveRecord: 37.9ms)


Started GET "/assets/application.css?body=1" for 127.0.0.1 at 2014-10-19 18:31:18 -0300
Served asset /application.css - 304 Not Modified (42ms)


Started GET "/assets/jquery.js?body=1" for 127.0.0.1 at 2014-10-19 18:31:18 -0300
Served asset /jquery.js - 304 Not Modified (90ms)


Started GET "/assets/jquery_ujs.js?body=1" for 127.0.0.1 at 2014-10-19 18:31:18 -0300
Served asset /jquery_ujs.js - 304 Not Modified (41ms)


Started GET "/assets/application.js?body=1" for 127.0.0.1 at 2014-10-19 18:31:19 -0300
Served asset /application.js - 304 Not Modified (199ms)


Started GET "/assets/rails.png" for 127.0.0.1 at 2014-10-19 18:31:30 -0300
Served asset /rails.png - 304 Not Modified (86ms)


Started GET "/movies" for 127.0.0.1 at 2014-10-19 22:47:23 -0300
Connecting to database specified by database.yml
Processing by MoviesController#index as HTML
  [1m[36mMovie Load (0.8ms)[0m  [1mSELECT "movies".* FROM "movies" [0m
  Rendered movies/index.html.haml within layouts/application (73.6ms)
Completed 200 OK in 1053.3ms (Views: 513.3ms | ActiveRecord: 40.5ms)


Started GET "/assets/application.css?body=1" for 127.0.0.1 at 2014-10-19 22:47:28 -0300
Served asset /application.css - 304 Not Modified (5ms)


Started GET "/assets/jquery.js?body=1" for 127.0.0.1 at 2014-10-19 22:47:28 -0300
Served asset /jquery.js - 304 Not Modified (138ms)


Started GET "/assets/jquery_ujs.js?body=1" for 127.0.0.1 at 2014-10-19 22:47:28 -0300
Served asset /jquery_ujs.js - 304 Not Modified (34ms)


Started GET "/assets/application.js?body=1" for 127.0.0.1 at 2014-10-19 22:47:28 -0300
Served asset /application.js - 304 Not Modified (212ms)


Started GET "/movies" for 127.0.0.1 at 2014-10-19 22:54:05 -0300
Connecting to database specified by database.yml
Processing by MoviesController#index as HTML
  [1m[36mMovie Load (1.1ms)[0m  [1mSELECT "movies".* FROM "movies" [0m
  Rendered movies/index.html.haml within layouts/application (70.4ms)
Completed 200 OK in 1045.9ms (Views: 527.7ms | ActiveRecord: 32.6ms)


Started GET "/assets/application.css?body=1" for 127.0.0.1 at 2014-10-19 22:54:10 -0300
Served asset /application.css - 304 Not Modified (36ms)


Started GET "/assets/jquery.js?body=1" for 127.0.0.1 at 2014-10-19 22:54:10 -0300
Served asset /jquery.js - 304 Not Modified (145ms)


Started GET "/assets/jquery_ujs.js?body=1" for 127.0.0.1 at 2014-10-19 22:54:10 -0300
Served asset /jquery_ujs.js - 304 Not Modified (38ms)


Started GET "/assets/application.js?body=1" for 127.0.0.1 at 2014-10-19 22:54:10 -0300
Served asset /application.js - 304 Not Modified (112ms)


Started GET "/movies" for 127.0.0.1 at 2014-10-19 23:31:02 -0300
Connecting to database specified by database.yml
Processing by MoviesController#index as HTML
  [1m[36mMovie Load (0.8ms)[0m  [1mSELECT "movies".* FROM "movies" [0m
  Rendered movies/index.html.haml within layouts/application (52.8ms)
Completed 200 OK in 1122.9ms (Views: 484.3ms | ActiveRecord: 54.6ms)


Started GET "/assets/application.css?body=1" for 127.0.0.1 at 2014-10-19 23:31:07 -0300
Served asset /application.css - 304 Not Modified (32ms)


Started GET "/assets/jquery.js?body=1" for 127.0.0.1 at 2014-10-19 23:31:07 -0300
Served asset /jquery.js - 304 Not Modified (159ms)


Started GET "/assets/jquery_ujs.js?body=1" for 127.0.0.1 at 2014-10-19 23:31:07 -0300
Served asset /jquery_ujs.js - 304 Not Modified (45ms)


Started GET "/assets/application.js?body=1" for 127.0.0.1 at 2014-10-19 23:31:07 -0300
Served asset /application.js - 304 Not Modified (64ms)


Started GET "/movies" for 127.0.0.1 at 2014-10-19 23:33:31 -0300
Connecting to database specified by database.yml
Processing by MoviesController#index as HTML
  [1m[36mMovie Load (5.6ms)[0m  [1mSELECT "movies".* FROM "movies" [0m
  Rendered movies/index.html.haml within layouts/application (67.8ms)
Completed 200 OK in 981.3ms (Views: 523.2ms | ActiveRecord: 32.2ms)


Started GET "/assets/application.css?body=1" for 127.0.0.1 at 2014-10-19 23:33:36 -0300
Served asset /application.css - 304 Not Modified (33ms)


Started GET "/assets/jquery.js?body=1" for 127.0.0.1 at 2014-10-19 23:33:36 -0300
Served asset /jquery.js - 304 Not Modified (218ms)


Started GET "/assets/jquery_ujs.js?body=1" for 127.0.0.1 at 2014-10-19 23:33:37 -0300
Served asset /jquery_ujs.js - 304 Not Modified (42ms)


Started GET "/assets/application.js?body=1" for 127.0.0.1 at 2014-10-19 23:33:37 -0300
Served asset /application.js - 304 Not Modified (71ms)


Started GET "/movies" for 127.0.0.1 at 2014-10-19 23:35:52 -0300
Connecting to database specified by database.yml
Processing by MoviesController#index as HTML
  [1m[36mMovie Load (1.6ms)[0m  [1mSELECT "movies".* FROM "movies" [0m
  Rendered movies/index.html.haml within layouts/application (94.8ms)
Completed 200 OK in 986.6ms (Views: 513.7ms | ActiveRecord: 36.7ms)


Started GET "/assets/application.css?body=1" for 127.0.0.1 at 2014-10-19 23:35:57 -0300
Served asset /application.css - 304 Not Modified (28ms)


Started GET "/assets/jquery.js?body=1" for 127.0.0.1 at 2014-10-19 23:35:57 -0300
Served asset /jquery.js - 304 Not Modified (130ms)


Started GET "/assets/application.js?body=1" for 127.0.0.1 at 2014-10-19 23:35:58 -0300
Served asset /application.js - 304 Not Modified (81ms)


Started GET "/assets/jquery_ujs.js?body=1" for 127.0.0.1 at 2014-10-19 23:35:58 -0300
Served asset /jquery_ujs.js - 304 Not Modified (30ms)


Started GET "/movies?id=title_header&order=title" for 127.0.0.1 at 2014-10-19 23:36:06 -0300
Processing by MoviesController#index as HTML
  Parameters: {"id"=>"title_header", "order"=>"title"}
  [1m[35mMovie Load (1.0ms)[0m  SELECT "movies".* FROM "movies" ORDER BY title
  Rendered movies/index.html.haml within layouts/application (54.2ms)
Completed 200 OK in 114.8ms (Views: 113.0ms | ActiveRecord: 1.0ms)


Started GET "/assets/application.css?body=1" for 127.0.0.1 at 2014-10-19 23:36:07 -0300
Served asset /application.css - 304 Not Modified (30ms)


Started GET "/assets/jquery.js?body=1" for 127.0.0.1 at 2014-10-19 23:36:07 -0300
Served asset /jquery.js - 304 Not Modified (20ms)


Started GET "/assets/jquery_ujs.js?body=1" for 127.0.0.1 at 2014-10-19 23:36:07 -0300
Served asset /jquery_ujs.js - 304 Not Modified (7ms)


Started GET "/assets/application.js?body=1" for 127.0.0.1 at 2014-10-19 23:36:07 -0300
Served asset /application.js - 304 Not Modified (11ms)


Started GET "/movies?id=release_date__header&order=release+date" for 127.0.0.1 at 2014-10-19 23:36:13 -0300
Processing by MoviesController#index as HTML
  Parameters: {"id"=>"release_date__header", "order"=>"release date"}
  [1m[36mMovie Load (14.6ms)[0m  [1mSELECT "movies".* FROM "movies" ORDER BY release date[0m
SQLite3::SQLException: near "date": syntax error: SELECT "movies".* FROM "movies"  ORDER BY release date
  Rendered movies/index.html.haml within layouts/application (517.3ms)
Completed 500 Internal Server Error in 558.5ms

ActionView::Template::Error (SQLite3::SQLException: near "date": syntax error: SELECT "movies".* FROM "movies"  ORDER BY release date):
    9:       %th{:class =>('hilite' if params[:id] == 'release_date__header')}= link_to 'Release Date', order: 'release date', id: 'release_date__header'
    10:       %th More Info
    11:   %tbody
    12:     - @movies.each do |movie|
    13:       %tr
    14:         %td= movie.title 
    15:         %td= movie.rating
  app/views/movies/index.html.haml:12:in `_app_views_movies_index_html_haml___282071113__622847988'


  Rendered /home/saasbook/.rvm/gems/ruby-1.9.3-p448/gems/actionpack-3.2.18/lib/action_dispatch/middleware/templates/rescues/_trace.erb (11.5ms)
  Rendered /home/saasbook/.rvm/gems/ruby-1.9.3-p448/gems/actionpack-3.2.18/lib/action_dispatch/middleware/templates/rescues/_request_and_response.erb (10.7ms)
  Rendered /home/saasbook/.rvm/gems/ruby-1.9.3-p448/gems/actionpack-3.2.18/lib/action_dispatch/middleware/templates/rescues/template_error.erb within rescues/layout (161.0ms)


Started GET "/movies?id=title_header&order=title" for 127.0.0.1 at 2014-10-19 23:44:49 -0300
Connecting to database specified by database.yml
Processing by MoviesController#index as HTML
  Parameters: {"id"=>"title_header", "order"=>"title"}
  [1m[36mMovie Load (6.3ms)[0m  [1mSELECT "movies".* FROM "movies" ORDER BY title[0m
  Rendered movies/index.html.haml within layouts/application (289.9ms)
Completed 200 OK in 1008.0ms (Views: 519.1ms | ActiveRecord: 51.2ms)


Started GET "/assets/application.css?body=1" for 127.0.0.1 at 2014-10-19 23:44:54 -0300
Served asset /application.css - 304 Not Modified (46ms)


Started GET "/assets/jquery.js?body=1" for 127.0.0.1 at 2014-10-19 23:44:54 -0300
Served asset /jquery.js - 304 Not Modified (258ms)


Started GET "/assets/jquery_ujs.js?body=1" for 127.0.0.1 at 2014-10-19 23:44:54 -0300
Served asset /jquery_ujs.js - 304 Not Modified (38ms)


Started GET "/assets/application.js?body=1" for 127.0.0.1 at 2014-10-19 23:44:55 -0300
Served asset /application.js - 304 Not Modified (78ms)


Started GET "/movies?id=release_date__header&order=release_date" for 127.0.0.1 at 2014-10-19 23:45:01 -0300
Processing by MoviesController#index as HTML
  Parameters: {"id"=>"release_date__header", "order"=>"release_date"}
  [1m[35mMovie Load (0.9ms)[0m  SELECT "movies".* FROM "movies" ORDER BY release_date
  Rendered movies/index.html.haml within layouts/application (28.0ms)
Completed 200 OK in 85.5ms (Views: 83.8ms | ActiveRecord: 0.9ms)


Started GET "/assets/application.css?body=1" for 127.0.0.1 at 2014-10-19 23:45:01 -0300
Served asset /application.css - 304 Not Modified (26ms)


Started GET "/assets/jquery.js?body=1" for 127.0.0.1 at 2014-10-19 23:45:01 -0300
Served asset /jquery.js - 304 Not Modified (14ms)


Started GET "/assets/jquery_ujs.js?body=1" for 127.0.0.1 at 2014-10-19 23:45:01 -0300
Served asset /jquery_ujs.js - 304 Not Modified (36ms)


Started GET "/assets/application.js?body=1" for 127.0.0.1 at 2014-10-19 23:45:01 -0300
Served asset /application.js - 304 Not Modified (22ms)


Started GET "/movies?id=release_date__header&order=release_date" for 127.0.0.1 at 2014-10-19 23:50:51 -0300
Connecting to database specified by database.yml
Processing by MoviesController#index as HTML
  Parameters: {"id"=>"release_date__header", "order"=>"release_date"}
  [1m[36mMovie Load (11.1ms)[0m  [1mSELECT "movies".* FROM "movies" ORDER BY release_date[0m
  Rendered movies/index.html.haml within layouts/application (315.5ms)
Compiled application.css  (6ms)  (pid 14749)
Completed 200 OK in 1353.8ms (Views: 728.1ms | ActiveRecord: 62.0ms)


Started GET "/assets/application.css?body=1" for 127.0.0.1 at 2014-10-19 23:50:57 -0300
Served asset /application.css - 200 OK (17ms)


Started GET "/assets/jquery.js?body=1" for 127.0.0.1 at 2014-10-19 23:50:57 -0300
Served asset /jquery.js - 304 Not Modified (149ms)


Started GET "/assets/jquery_ujs.js?body=1" for 127.0.0.1 at 2014-10-19 23:50:57 -0300
Served asset /jquery_ujs.js - 304 Not Modified (29ms)


Started GET "/assets/application.js?body=1" for 127.0.0.1 at 2014-10-19 23:50:57 -0300
Served asset /application.js - 304 Not Modified (312ms)


Started GET "/movies?id=title_header&order=title" for 127.0.0.1 at 2014-10-19 23:51:03 -0300
Processing by MoviesController#index as HTML
  Parameters: {"id"=>"title_header", "order"=>"title"}
  [1m[35mMovie Load (0.9ms)[0m  SELECT "movies".* FROM "movies" ORDER BY title
  Rendered movies/index.html.haml within layouts/application (31.9ms)
Completed 200 OK in 93.2ms (Views: 91.5ms | ActiveRecord: 0.9ms)


Started GET "/assets/application.css?body=1" for 127.0.0.1 at 2014-10-19 23:51:04 -0300
Served asset /application.css - 304 Not Modified (64ms)


Started GET "/assets/jquery.js?body=1" for 127.0.0.1 at 2014-10-19 23:51:04 -0300
Served asset /jquery.js - 304 Not Modified (50ms)


Started GET "/assets/jquery_ujs.js?body=1" for 127.0.0.1 at 2014-10-19 23:51:04 -0300
Served asset /jquery_ujs.js - 304 Not Modified (17ms)


Started GET "/assets/application.js?body=1" for 127.0.0.1 at 2014-10-19 23:51:04 -0300
Served asset /application.js - 304 Not Modified (34ms)


Started GET "/movies?id=title_header&order=title" for 127.0.0.1 at 2014-10-20 13:48:07 -0300
Connecting to database specified by database.yml
Processing by MoviesController#index as HTML
  Parameters: {"id"=>"title_header", "order"=>"title"}
  [1m[36mMovie Load (6.7ms)[0m  [1mSELECT "movies".* FROM "movies" ORDER BY title[0m
  Rendered movies/index.html.haml within layouts/application (361.6ms)
Compiled application.css  (1ms)  (pid 15142)
Completed 200 OK in 1418.2ms (Views: 871.0ms | ActiveRecord: 42.4ms)


Started GET "/assets/application.css?body=1" for 127.0.0.1 at 2014-10-20 13:48:14 -0300
Served asset /application.css - 200 OK (5ms)


Started GET "/assets/jquery.js?body=1" for 127.0.0.1 at 2014-10-20 13:48:14 -0300
Served asset /jquery.js - 304 Not Modified (381ms)


Started GET "/assets/jquery_ujs.js?body=1" for 127.0.0.1 at 2014-10-20 13:48:14 -0300
Served asset /jquery_ujs.js - 304 Not Modified (31ms)


Started GET "/assets/application.js?body=1" for 127.0.0.1 at 2014-10-20 13:48:14 -0300
Served asset /application.js - 304 Not Modified (156ms)
